f:\1a_self\02. codelibrary\epolestar_plugins_99\debug_28\plugins\capitalriskmgt\capitalriskmgt.lib
f:\1a_self\02. codelibrary\epolestar_plugins_99\debug_28\plugins\capitalriskmgt\capitalriskmgt.exp
f:\1a_self\02. codelibrary\epolestar_plugins_99\capitalriskmgt\capitalriskmgt\debug\capitalriskmgt.pch
f:\1a_self\02. codelibrary\epolestar_plugins_99\capitalriskmgt\capitalriskmgt\debug\vc140.pdb
f:\1a_self\02. codelibrary\epolestar_plugins_99\capitalriskmgt\capitalriskmgt\debug\vc140.idb
f:\1a_self\02. codelibrary\epolestar_plugins_99\capitalriskmgt\capitalriskmgt\debug\stdafx.obj
f:\1a_self\02. codelibrary\epolestar_plugins_99\capitalriskmgt\capitalriskmgt\debug\dllmain.obj
f:\1a_self\02. codelibrary\epolestar_plugins_99\capitalriskmgt\capitalriskmgt\debug\ixfrm.obj
f:\1a_self\02. codelibrary\epolestar_plugins_99\capitalriskmgt\capitalriskmgt\debug\load_rc.obj
f:\1a_self\02. codelibrary\epolestar_plugins_99\capitalriskmgt\capitalriskmgt\debug\ansicunicode.obj
f:\1a_self\02. codelibrary\epolestar_plugins_99\capitalriskmgt\capitalriskmgt\debug\tradequotestring.obj
f:\1a_self\02. codelibrary\epolestar_plugins_99\capitalriskmgt\capitalriskmgt\debug\popwincode.obj
f:\1a_self\02. codelibrary\epolestar_plugins_99\capitalriskmgt\capitalriskmgt\debug\capitalriskmgt.obj
f:\1a_self\02. codelibrary\epolestar_plugins_99\capitalriskmgt\capitalriskmgt\debug\capitalriskmgtplugin.obj
f:\1a_self\02. codelibrary\epolestar_plugins_99\capitalriskmgt\capitalriskmgt\debug\capitalriskmgtwnd.obj
f:\1a_self\02. codelibrary\epolestar_plugins_99\capitalriskmgt\capitalriskmgt\debug\tmemdc.obj
f:\1a_self\02. codelibrary\epolestar_plugins_99\capitalriskmgt\capitalriskmgt\debug\uidesign.obj
f:\1a_self\02. codelibrary\epolestar_plugins_99\capitalriskmgt\capitalriskmgt\debug\tcheckbox.obj
f:\1a_self\02. codelibrary\epolestar_plugins_99\capitalriskmgt\capitalriskmgt\debug\tcombox.obj
f:\1a_self\02. codelibrary\epolestar_plugins_99\capitalriskmgt\capitalriskmgt\debug\tcomboxlist.obj
f:\1a_self\02. codelibrary\epolestar_plugins_99\capitalriskmgt\capitalriskmgt\debug\tedit.obj
f:\1a_self\02. codelibrary\epolestar_plugins_99\capitalriskmgt\capitalriskmgt\debug\tmessagebox.obj
f:\1a_self\02. codelibrary\epolestar_plugins_99\capitalriskmgt\capitalriskmgt\debug\tmodalwnd.obj
f:\1a_self\02. codelibrary\epolestar_plugins_99\capitalriskmgt\capitalriskmgt\debug\tpopupwnd.obj
f:\1a_self\02. codelibrary\epolestar_plugins_99\capitalriskmgt\capitalriskmgt\debug\tstatic.obj
f:\1a_self\02. codelibrary\epolestar_plugins_99\capitalriskmgt\capitalriskmgt\debug\tstaticbutton.obj
f:\1a_self\02. codelibrary\epolestar_plugins_99\capitalriskmgt\capitalriskmgt\debug\capitalriskmgt.res
f:\1a_self\02. codelibrary\epolestar_plugins_99\capitalriskmgt\capitalriskmgt\..\..\debug_28\plugins\capitalriskmgt\capitalriskmgt.dll
f:\1a_self\02. codelibrary\epolestar_plugins_99\capitalriskmgt\capitalriskmgt\debug\capitalriskmgt.tlog\capitalriskmgt.write.1u.tlog
f:\1a_self\02. codelibrary\epolestar_plugins_99\capitalriskmgt\capitalriskmgt\debug\capitalriskmgt.tlog\cl.command.1.tlog
f:\1a_self\02. codelibrary\epolestar_plugins_99\capitalriskmgt\capitalriskmgt\debug\capitalriskmgt.tlog\cl.read.1.tlog
f:\1a_self\02. codelibrary\epolestar_plugins_99\capitalriskmgt\capitalriskmgt\debug\capitalriskmgt.tlog\cl.write.1.tlog
f:\1a_self\02. codelibrary\epolestar_plugins_99\capitalriskmgt\capitalriskmgt\debug\capitalriskmgt.tlog\link.command.1.tlog
f:\1a_self\02. codelibrary\epolestar_plugins_99\capitalriskmgt\capitalriskmgt\debug\capitalriskmgt.tlog\link.read.1.tlog
f:\1a_self\02. codelibrary\epolestar_plugins_99\capitalriskmgt\capitalriskmgt\debug\capitalriskmgt.tlog\link.write.1.tlog
f:\1a_self\02. codelibrary\epolestar_plugins_99\capitalriskmgt\capitalriskmgt\debug\capitalriskmgt.tlog\rc.command.1.tlog
f:\1a_self\02. codelibrary\epolestar_plugins_99\capitalriskmgt\capitalriskmgt\debug\capitalriskmgt.tlog\rc.read.1.tlog
f:\1a_self\02. codelibrary\epolestar_plugins_99\capitalriskmgt\capitalriskmgt\debug\capitalriskmgt.tlog\rc.write.1.tlog
